Arguments: 
  /Users/TempUser/.nvm/versions/node/v14.17.6/bin/node /Users/TempUser/.nvm/versions/node/v14.17.6/bin/yarnpkg install

PATH: 
  /Users/TempUser/.npm/_npx/12017/bin:/Users/TempUser/.nvm/versions/node/v14.17.6/bin:/usr/local/bin:/usr/bin:/bin:/usr/sbin:/sbin:/Users/cto/go/bin:/Users/cto/Library/Android/sdk/platform-tools:/Applications/VMware Fusion.app/Contents/Public:/usr/local/go/bin:/usr/local/share/dotnet:~/.dotnet/tools:/Library/Apple/usr/bin:/Library/Frameworks/Mono.framework/Versions/Current/Commands:/Users/TempUser/.nvm/versions/node/v14.17.6/bin:/Users/TempUser/Library/Android/sdk/emulator:/Users/TempUser/Library/Android/sdk/platform-tools:/Users/TempUser/Library/Android/sdk/tools:/Users/TempUser/Library/Android/sdk/tools/bin:/opt/gradle/gradle-6.9/bin:/Users/TempUser/Library/Android/sdk/emulator:/Users/TempUser/Library/Android/sdk/platform-tools:/Users/TempUser/Library/Android/sdk/tools:/Users/TempUser/Library/Android/sdk/tools/bin:/opt/gradle/gradle-6.9/bin

Yarn version: 
  1.22.17

Node version: 
  14.17.6

Platform: 
  darwin x64

Trace: 
  Error: https://registry.yarnpkg.com/react-native: ESOCKETTIMEDOUT
      at ClientRequest.<anonymous> (/Users/TempUser/.nvm/versions/node/v14.17.6/lib/node_modules/yarn/lib/cli.js:141510:19)
      at Object.onceWrapper (events.js:519:28)
      at ClientRequest.emit (events.js:400:28)
      at TLSSocket.emitRequestTimeout (_http_client.js:790:9)
      at Object.onceWrapper (events.js:519:28)
      at TLSSocket.emit (events.js:412:35)
      at TLSSocket.Socket._onTimeout (net.js:484:8)
      at listOnTimeout (internal/timers.js:557:17)
      at processTimers (internal/timers.js:500:7)

npm manifest: 
  {
    "name": "toggle_animation",
    "version": "1.0.0",
    "main": "node_modules/expo/AppEntry.js",
    "scripts": {
      "start": "expo start",
      "android": "expo start --android",
      "ios": "expo start --ios",
      "web": "expo start --web",
      "eject": "expo eject"
    },
    "dependencies": {
      "expo": "~45.0.0",
      "expo-status-bar": "~1.3.0",
      "react": "17.0.2",
      "react-dom": "17.0.2",
      "react-native": "0.68.2",
      "react-native-web": "0.17.7"
    },
    "devDependencies": {
      "@babel/core": "^7.12.9"
    },
    "private": true
  }

yarn manifest: 
  No manifest

Lockfile: 
  No lockfile
